c:\khi\timber\timber\x64\debug\vc143.pdb
c:\khi\timber\timber\x64\debug\vc143.idb
c:\khi\timber\timber\x64\debug\inputmgr.obj
c:\khi\timber\timber\x64\debug\main.obj
c:\khi\timber\timber\x64\debug\gameobject.obj
c:\khi\timber\timber\x64\debug\timber-d.pch
c:\khi\timber\timber\x64\debug\stdafx.obj
c:\khi\timber-bin\timber-d.exe
c:\khi\timber-bin\timber-d.pdb
c:\khi\timber\timber\x64\debug\timber-d.ilk
c:\khi\timber\timber\x64\debug\timber.tlog\cl.command.1.tlog
c:\khi\timber\timber\x64\debug\timber.tlog\cl.items.tlog
c:\khi\timber\timber\x64\debug\timber.tlog\cl.read.1.tlog
c:\khi\timber\timber\x64\debug\timber.tlog\cl.write.1.tlog
c:\khi\timber\timber\x64\debug\timber.tlog\link-cvtres.read.1.tlog
c:\khi\timber\timber\x64\debug\timber.tlog\link-cvtres.write.1.tlog
c:\khi\timber\timber\x64\debug\timber.tlog\link-rc.read.1.tlog
c:\khi\timber\timber\x64\debug\timber.tlog\link-rc.write.1.tlog
c:\khi\timber\timber\x64\debug\timber.tlog\link.4472-cvtres.read.1.tlog
c:\khi\timber\timber\x64\debug\timber.tlog\link.4472-cvtres.write.1.tlog
c:\khi\timber\timber\x64\debug\timber.tlog\link.4472-rc.read.1.tlog
c:\khi\timber\timber\x64\debug\timber.tlog\link.4472-rc.write.1.tlog
c:\khi\timber\timber\x64\debug\timber.tlog\link.4472.read.1.tlog
c:\khi\timber\timber\x64\debug\timber.tlog\link.4472.read.2.tlog
c:\khi\timber\timber\x64\debug\timber.tlog\link.4472.write.1.tlog
c:\khi\timber\timber\x64\debug\timber.tlog\link.command.1.tlog
c:\khi\timber\timber\x64\debug\timber.tlog\link.read.1.tlog
c:\khi\timber\timber\x64\debug\timber.tlog\link.read.2.tlog
c:\khi\timber\timber\x64\debug\timber.tlog\link.secondary.1.tlog
c:\khi\timber\timber\x64\debug\timber.tlog\link.write.1.tlog
